20161214_165047   ERROR No compiled `__autorun` in current stimulus folder, using `__autorun_default` in `C:\Users\Luke Edward Rogerson\Documents\GitHub\QDSpy`.
20161214_165047   DEBUG Running C:\Users\Luke Edward Rogerson\Documents\GitHub\QDSpy\__autorun_default ...
20161214_165047         Presenting stimulus ...
20161214_165047     *** QDSpy v0.72 beta Presenter - (c) 2013-16 Thomas Euler
20161214_165047      ok Initializing ...
20161214_165047         ENABLED    : high process priority during presentation
20161214_165047         enabled    : automatic garbage collection
20161214_165047         Loading user-defined gamma LUT file ...
20161214_165047      ok ... done
20161214_165047    INFO OpenGL     : v4.5.0 NVIDIA 362.56
20161214_165047    INFO GLSL       : v4.50 NVIDIA
20161214_165047    INFO Renderer   : Quadro K420/PCIe/SSE2 by NVIDIA Corporation
20161214_165047    INFO Timing     : vsync-based (pyglet calls)
20161214_165047    INFO Expected   : 60.0 Hz
20161214_165047      ok Window mode, 640x480 pixels
20161214_165047         ENABLED    : forced fsync
20161214_165047      ok SwapIntervalEXT() reported success
20161214_165047    INFO Display    : generic
20161214_165047      ok Stage info : 0,0 pixels, scale: 1.00,1.00 µm/pix, rotation: 0°, refresh: 60.0 Hz
20161214_165047   ERROR LCr|Could not connect to device, Code 'open failed'
20161214_165047 WARNING This script requires a lightcrafter
20161214_165047   ERROR LCr|Could not connect to device, Code 'open failed'
20161214_165047         3 shader type(s) found
20161214_165047         Loading compiled stimulus...
20161214_165047      ok Stimulus 'C:\Users\Luke Edward Rogerson\Documents\GitHub\QDSpy\__autorun_default.pickle' loaded
20161214_165047         Name       : __autorun_default
20161214_165047         Description: 
20161214_165047         Frequency  : 60.0 Hz
20161214_165047      ok Stimulus '__autorun_default' prepared
20161214_165047      ok Running...
20161214_165047    DATA {'stimState': 'STARTED', 'stimMD5': 'b9df3671bfa94c27ef1e769fc7d8d03f', 'stimFileName': 'C:\\Users\\Luke Edward Rogerson\\Documents\\GitHub\\QDSpy\\__autorun_default'}
20161214_165047      ok Done
20161214_165047    DATA {'stimState': 'FINISHED', 'stimFileName': 'C:\\Users\\Luke Edward Rogerson\\Documents\\GitHub\\QDSpy\\__autorun_default'}
20161214_165047      ok Program finished
20161214_165047    INFO 9.760 ms/frame (102.457 Hz), rendering: 0.220 ms (3 frames in total)
20161214_165047    INFO 14.640 +/- 1.929 ms/frame (over the last 2 frames) = 68.3 Hz
20161214_165047    DATA {'nFrames': 3, 'avgFreq_Hz': 102.45713406353433, 'nDroppedFrames': 0}
20161214_165052   DEBUG runStim, timeout waiting for PRESENTING
20161214_165052   ERROR LCr|Could not connect to device, Code 'open failed'
20161214_165055         Presenting stimulus ...
20161214_165055         Loading compiled stimulus...
20161214_165055      ok Stimulus '.\Stimuli\\BC_BWNoise20.pickle' loaded
20161214_165055         Name       : RGC_Noise
20161214_165055         Description: 'noise' in fingerprinting stimulus set
20161214_165055         Frequency  : 60.0 Hz
20161214_165055      ok Stimulus 'RGC_Noise' prepared
20161214_165055      ok Running...
20161214_165055    DATA {'stimState': 'STARTED', 'stimMD5': '2680f3fd183f74559d934aeaff9a1674', 'stimFileName': '.\\Stimuli\\BC_BWNoise20'}
20161214_165055    DATA {'boxDy_um': 20, 'boxDx_um': 20, 'durStim_s': 0.2, 'durFr_s': 0.016666666666666666, 'fNameNoise': 'RGC_BWNoise_official', 'stimFileName': '.\\Stimuli\\BC_BWNoise20', 'nFrPerMarker': 3, 'fIntenW': 255}
20161214_165059   DEBUG Presenter.stop()
20161214_165059      ok Aborted by user
20161214_165059    DATA {'stimState': 'ABORTED', 'stimFileName': '.\\Stimuli\\BC_BWNoise20'}
20161214_165059   ABORT User aborted program
20161214_165059    INFO 16.568 ms/frame (60.358 Hz), rendering: 0.528 ms (211 frames in total)
20161214_165059    INFO 16.647 +/- 0.511 ms/frame (over the last 210 frames) = 60.1 Hz
20161214_165059    DATA {'nFrames': 211, 'avgFreq_Hz': 60.35772415854457, 'nDroppedFrames': 0}
20161214_165102         Presenting stimulus ...
20161214_165102         Loading compiled stimulus...
20161214_165102      ok Stimulus '.\Stimuli\\video_perlin.pickle' loaded
20161214_165102         Name       : video_perlin
20161214_165102         Description: Perlin noise test
20161214_165102         Frequency  : 60.0 Hz
20161214_165102   DEBUG stim_video: 60x45 pixel, 21600.0 frames, 60.0 fps
20161214_165102      ok Stimulus 'video_perlin' prepared
20161214_165102      ok Running...
20161214_165102    DATA {'stimState': 'STARTED', 'stimMD5': '5820ddd822a38de22d792aa600e770c5', 'stimFileName': '.\\Stimuli\\video_perlin'}
20161214_165102    DATA {'vidName': 'Perlin_f12_r0.66_b.avi', 'nTrials': 1, 'MarkPer_s': 1, 'durFr_s': 0.016666666666666666, 'vidAlpha': 255, 'vidScale': (6.5, 6.5), 'stimFileName': '.\\Stimuli\\video_perlin', 'vidparams': {'nFr': 21600.0, 'dyFr': 45, 'dxFr': 60, 'fps': 60.0}, 'nFrPerMarker': 1, 'vidOrient': 0}
20161214_165103 WARNING dt of frame #60 was 37.852 ms
20161214_165204 WARNING dt of frame #3760 was 34.675 ms
20161214_165213 WARNING dt of frame #4280 was 38.954 ms
20161214_165222 WARNING dt of frame #4839 was 27.260 ms
20161214_165251   DEBUG Presenter.stop()
20161214_165251      ok Aborted by user
20161214_165251    DATA {'stimState': 'ABORTED', 'stimFileName': '.\\Stimuli\\video_perlin'}
20161214_165251   ABORT User aborted program
20161214_165251    INFO 16.666 ms/frame (60.002 Hz), rendering: 1.351 ms (6563 frames in total)
20161214_165251    INFO 16.669 +/- 0.585 ms/frame (over the last 6562 frames) = 60.0 Hz
20161214_165251 WARNING 4 frames dropped (=0.061 %)
20161214_165251    DATA {'nFrames': 6563, 'avgFreq_Hz': 60.00183913500768, 'nDroppedFrames': 4}
20161214_165909         Presenting stimulus ...
20161214_165909         Loading compiled stimulus...
20161214_165909      ok Stimulus '.\Stimuli\\video_perlin.pickle' loaded
20161214_165909         Name       : video_perlin
20161214_165909         Description: Perlin noise test
20161214_165909         Frequency  : 60.0 Hz
20161214_165910   DEBUG stim_video: 60x45 pixel, 21600.0 frames, 60.0 fps
20161214_165910      ok Stimulus 'video_perlin' prepared
20161214_165910      ok Running...
20161214_165910    DATA {'stimState': 'STARTED', 'stimMD5': '5820ddd822a38de22d792aa600e770c5', 'stimFileName': '.\\Stimuli\\video_perlin'}
20161214_165910    DATA {'vidName': 'Perlin_f12_r0.66_b.avi', 'nTrials': 1, 'MarkPer_s': 1, 'durFr_s': 0.016666666666666666, 'vidAlpha': 255, 'vidScale': (6.5, 6.5), 'stimFileName': '.\\Stimuli\\video_perlin', 'vidparams': {'nFr': 21600.0, 'dyFr': 45, 'dxFr': 60, 'fps': 60.0}, 'nFrPerMarker': 1, 'vidOrient': 0}
20161214_170007   DEBUG Presenter.stop()
20161214_170007      ok Aborted by user
20161214_170007    DATA {'stimState': 'ABORTED', 'stimFileName': '.\\Stimuli\\video_perlin'}
20161214_170007   ABORT User aborted program
20161214_170007    INFO 16.656 ms/frame (60.039 Hz), rendering: 1.325 ms (3448 frames in total)
20161214_170007    INFO 16.661 +/- 0.331 ms/frame (over the last 3447 frames) = 60.0 Hz
20161214_170007    DATA {'nFrames': 3448, 'avgFreq_Hz': 60.03899211961755, 'nDroppedFrames': 0}
20161214_172418         Saving log file to '.\Logs\20161214_172418.log' ...
