20161221_135430   ERROR No compiled `__autorun` in current stimulus folder, using `__autorun_default` in `C:\Users\Luke Edward Rogerson\Documents\GitHub\QDSpy`.
20161221_135430   DEBUG Running C:\Users\Luke Edward Rogerson\Documents\GitHub\QDSpy\__autorun_default ...
20161221_135430         Presenting stimulus ...
20161221_135431     *** QDSpy v0.72 beta Presenter - (c) 2013-16 Thomas Euler
20161221_135431      ok Initializing ...
20161221_135431         ENABLED    : high process priority during presentation
20161221_135431         enabled    : automatic garbage collection
20161221_135431         Loading user-defined gamma LUT file ...
20161221_135431      ok ... done
20161221_135431    INFO OpenGL     : v4.5.0 NVIDIA 362.56
20161221_135431    INFO GLSL       : v4.50 NVIDIA
20161221_135431    INFO Renderer   : Quadro K420/PCIe/SSE2 by NVIDIA Corporation
20161221_135431    INFO Timing     : vsync-based (pyglet calls)
20161221_135431    INFO Expected   : 60.0 Hz
20161221_135431      ok Window mode, 640x480 pixels
20161221_135431         ENABLED    : forced fsync
20161221_135431      ok SwapIntervalEXT() reported success
20161221_135431    INFO Display    : generic
20161221_135431      ok Stage info : 0,0 pixels, scale: 1.00,1.00 µm/pix, rotation: 0°, refresh: 60.0 Hz
20161221_135431   ERROR LCr|Could not connect to device, Code 'open failed'
20161221_135431 WARNING This script requires a lightcrafter
20161221_135431   ERROR LCr|Could not connect to device, Code 'open failed'
20161221_135431         3 shader type(s) found
20161221_135431         Loading compiled stimulus...
20161221_135431      ok Stimulus 'C:\Users\Luke Edward Rogerson\Documents\GitHub\QDSpy\__autorun_default.pickle' loaded
20161221_135431         Name       : __autorun_default
20161221_135431         Description: 
20161221_135431         Frequency  : 60.0 Hz
20161221_135431      ok Stimulus '__autorun_default' prepared
20161221_135431      ok Running...
20161221_135431    DATA {'stimMD5': 'b9df3671bfa94c27ef1e769fc7d8d03f', 'stimState': 'STARTED', 'stimFileName': 'C:\\Users\\Luke Edward Rogerson\\Documents\\GitHub\\QDSpy\\__autorun_default'}
20161221_135431      ok Done
20161221_135431    DATA {'stimState': 'FINISHED', 'stimFileName': 'C:\\Users\\Luke Edward Rogerson\\Documents\\GitHub\\QDSpy\\__autorun_default'}
20161221_135431      ok Program finished
20161221_135431    INFO 5.962 ms/frame (167.743 Hz), rendering: 0.252 ms (3 frames in total)
20161221_135431    INFO 8.942 +/- 6.919 ms/frame (over the last 2 frames) = 1.12e+02 Hz
20161221_135431    DATA {'avgFreq_Hz': 167.7428600298825, 'nFrames': 3, 'nDroppedFrames': 0}
20161221_135431   ERROR LCr|Could not connect to device, Code 'open failed'
20161221_135436         Presenting stimulus ...
20161221_135436         Loading compiled stimulus...
20161221_135436      ok Stimulus '.\Stimuli\\video_perlin.pickle' loaded
20161221_135436         Name       : video_perlin
20161221_135436         Description: Perlin noise test
20161221_135436         Frequency  : 60.0 Hz
20161221_135436   DEBUG stim_video: 60x45 pixel, 21600.0 frames, 60.0 fps
20161221_135436      ok Stimulus 'video_perlin' prepared
20161221_135436      ok Running...
20161221_135436    DATA {'stimMD5': '5820ddd822a38de22d792aa600e770c5', 'stimState': 'STARTED', 'stimFileName': '.\\Stimuli\\video_perlin'}
20161221_135436    DATA {'nFrPerMarker': 1, 'vidparams': {'fps': 60.0, 'dxFr': 60, 'dyFr': 45, 'nFr': 21600.0}, 'MarkPer_s': 1, 'vidName': 'Perlin_f12_r0.66_b.avi', 'vidOrient': 0, 'vidScale': (6.5, 6.5), 'durFr_s': 0.016666666666666666, 'vidAlpha': 255, 'nTrials': 1, 'stimFileName': '.\\Stimuli\\video_perlin'}
20161221_135437 WARNING dt of frame #60 was 169.465 ms
20161221_135439 WARNING dt of frame #179 was 24.085 ms
20161221_135440   DEBUG Presenter.stop()
20161221_135440      ok Aborted by user
20161221_135440    DATA {'stimState': 'ABORTED', 'stimFileName': '.\\Stimuli\\video_perlin'}
20161221_135440   ABORT User aborted program
20161221_135440    INFO 17.264 ms/frame (57.925 Hz), rendering: 1.891 ms (219 frames in total)
20161221_135440    INFO 17.343 +/- 10.356 ms/frame (over the last 218 frames) = 57.7 Hz
20161221_135440 WARNING 2 frames dropped (=0.913 %)
20161221_135440    DATA {'avgFreq_Hz': 57.92547955003675, 'nFrames': 219, 'nDroppedFrames': 2}
20161221_135459         Compiling stimulus script ...
20161221_135501      ok ... done
20161221_135502         Presenting stimulus ...
20161221_135502         Loading compiled stimulus...
20161221_135502      ok Stimulus '.\Stimuli\\video_perlin.pickle' loaded
20161221_135502         Name       : video_perlin
20161221_135502         Description: Perlin noise test
20161221_135502         Frequency  : 60.0 Hz
20161221_135502   DEBUG stim_video: 60x45 pixel, 21600.0 frames, 60.0 fps
20161221_135502      ok Stimulus 'video_perlin' prepared
20161221_135502      ok Running...
20161221_135502    DATA {'stimMD5': 'a30d99056c48c2ec202de982f296f18f', 'stimState': 'STARTED', 'stimFileName': '.\\Stimuli\\video_perlin'}
20161221_135502    DATA {'nFrPerMarker': 1, 'vidparams': {'dyFr': 45, 'fps': 60.0, 'dxFr': 60, 'nFr': 21600.0}, 'MarkPer_s': 1, 'durFr_s': 0.016666666666666666, 'vidAlpha': 255, 'vidScale': (13, 13), 'vidName': 'Perlin_f12_r0.66_b.avi', 'vidOrient': 0, 'nTrials': 1, 'stimFileName': '.\\Stimuli\\video_perlin'}
20161221_135508   DEBUG Presenter.stop()
20161221_135508      ok Aborted by user
20161221_135508    DATA {'stimState': 'ABORTED', 'stimFileName': '.\\Stimuli\\video_perlin'}
20161221_135508   ABORT User aborted program
20161221_135508    INFO 16.574 ms/frame (60.334 Hz), rendering: 1.259 ms (332 frames in total)
20161221_135508    INFO 16.624 +/- 0.962 ms/frame (over the last 331 frames) = 60.2 Hz
20161221_135508    DATA {'avgFreq_Hz': 60.334127394767215, 'nFrames': 332, 'nDroppedFrames': 0}
20161221_135539         Compiling stimulus script ...
20161221_135540      ok ... done
20161221_135541         Presenting stimulus ...
20161221_135541         Loading compiled stimulus...
20161221_135541      ok Stimulus '.\Stimuli\\video_perlin.pickle' loaded
20161221_135541         Name       : video_perlin
20161221_135541         Description: Perlin noise test
20161221_135541         Frequency  : 60.0 Hz
20161221_135541   DEBUG stim_video: 60x45 pixel, 21600.0 frames, 60.0 fps
20161221_135541      ok Stimulus 'video_perlin' prepared
20161221_135541      ok Running...
20161221_135541    DATA {'stimMD5': 'decd9866a53e6594725ef9ecfecb3351', 'stimState': 'STARTED', 'stimFileName': '.\\Stimuli\\video_perlin'}
20161221_135541    DATA {'nFrPerMarker': 1, 'MarkPer_s': 1, 'durFr_s': 0.016666666666666666, 'vidName': 'Perlin_f12_r0.66_b.avi', 'vidAlpha': 255, 'vidScale': (6.5, 6.5), 'vidparams': {'dyFr': 45, 'fps': 60.0, 'dxFr': 60, 'nFr': 21600.0}, 'vidOrient': 0, 'nTrials': 1, 'stimFileName': '.\\Stimuli\\video_perlin'}
20161221_135545   DEBUG Presenter.stop()
20161221_135545      ok Aborted by user
20161221_135545    DATA {'stimState': 'ABORTED', 'stimFileName': '.\\Stimuli\\video_perlin'}
20161221_135545   ABORT User aborted program
20161221_135545    INFO 16.575 ms/frame (60.333 Hz), rendering: 1.085 ms (232 frames in total)
20161221_135545    INFO 16.646 +/- 0.347 ms/frame (over the last 231 frames) = 60.1 Hz
20161221_135545    DATA {'avgFreq_Hz': 60.33318641085942, 'nFrames': 232, 'nDroppedFrames': 0}
20161221_135551         Presenting stimulus ...
20161221_135551         Loading compiled stimulus...
20161221_135551      ok Stimulus '.\Stimuli\\BC_BWNoise20.pickle' loaded
20161221_135551         Name       : RGC_Noise
20161221_135551         Description: 'noise' in fingerprinting stimulus set
20161221_135551         Frequency  : 60.0 Hz
20161221_135551      ok Stimulus 'RGC_Noise' prepared
20161221_135551      ok Running...
20161221_135551    DATA {'stimMD5': '2680f3fd183f74559d934aeaff9a1674', 'stimState': 'STARTED', 'stimFileName': '.\\Stimuli\\BC_BWNoise20'}
20161221_135551    DATA {'fNameNoise': 'RGC_BWNoise_official', 'nFrPerMarker': 3, 'durStim_s': 0.2, 'durFr_s': 0.016666666666666666, 'boxDx_um': 20, 'boxDy_um': 20, 'fIntenW': 255, 'stimFileName': '.\\Stimuli\\BC_BWNoise20'}
20161221_135600   DEBUG Presenter.stop()
20161221_135600      ok Aborted by user
20161221_135600    DATA {'stimState': 'ABORTED', 'stimFileName': '.\\Stimuli\\BC_BWNoise20'}
20161221_135600   ABORT User aborted program
20161221_135600    INFO 16.612 ms/frame (60.198 Hz), rendering: 0.604 ms (543 frames in total)
20161221_135600    INFO 16.642 +/- 1.299 ms/frame (over the last 542 frames) = 60.1 Hz
20161221_135600    DATA {'avgFreq_Hz': 60.19842326657068, 'nFrames': 543, 'nDroppedFrames': 0}
20161221_135601         Presenting stimulus ...
20161221_135601         Loading compiled stimulus...
20161221_135601      ok Stimulus '.\Stimuli\\BC_BWNoise20.pickle' loaded
20161221_135601         Name       : RGC_Noise
20161221_135601         Description: 'noise' in fingerprinting stimulus set
20161221_135601         Frequency  : 60.0 Hz
20161221_135601      ok Stimulus 'RGC_Noise' prepared
20161221_135601      ok Running...
20161221_135601    DATA {'stimMD5': '2680f3fd183f74559d934aeaff9a1674', 'stimState': 'STARTED', 'stimFileName': '.\\Stimuli\\BC_BWNoise20'}
20161221_135601    DATA {'fNameNoise': 'RGC_BWNoise_official', 'nFrPerMarker': 3, 'durStim_s': 0.2, 'durFr_s': 0.016666666666666666, 'boxDx_um': 20, 'boxDy_um': 20, 'fIntenW': 255, 'stimFileName': '.\\Stimuli\\BC_BWNoise20'}
20161221_135604   DEBUG Presenter.stop()
20161221_135604      ok Aborted by user
20161221_135604    DATA {'stimState': 'ABORTED', 'stimFileName': '.\\Stimuli\\BC_BWNoise20'}
20161221_135604   ABORT User aborted program
20161221_135604    INFO 16.504 ms/frame (60.592 Hz), rendering: 0.516 ms (170 frames in total)
20161221_135604    INFO 16.602 +/- 1.333 ms/frame (over the last 169 frames) = 60.2 Hz
20161221_135604    DATA {'avgFreq_Hz': 60.59158601101814, 'nFrames': 170, 'nDroppedFrames': 0}
20161221_135608         Presenting stimulus ...
20161221_135608         Loading compiled stimulus...
20161221_135608      ok Stimulus '.\Stimuli\\video_perlin.pickle' loaded
20161221_135608         Name       : video_perlin
20161221_135608         Description: Perlin noise test
20161221_135608         Frequency  : 60.0 Hz
20161221_135608   DEBUG stim_video: 60x45 pixel, 21600.0 frames, 60.0 fps
20161221_135608      ok Stimulus 'video_perlin' prepared
20161221_135608      ok Running...
20161221_135608    DATA {'stimMD5': 'decd9866a53e6594725ef9ecfecb3351', 'stimState': 'STARTED', 'stimFileName': '.\\Stimuli\\video_perlin'}
20161221_135608    DATA {'nFrPerMarker': 1, 'MarkPer_s': 1, 'durFr_s': 0.016666666666666666, 'vidName': 'Perlin_f12_r0.66_b.avi', 'vidAlpha': 255, 'vidScale': (6.5, 6.5), 'vidparams': {'dyFr': 45, 'fps': 60.0, 'dxFr': 60, 'nFr': 21600.0}, 'vidOrient': 0, 'nTrials': 1, 'stimFileName': '.\\Stimuli\\video_perlin'}
20161221_135614 WARNING dt of frame #334 was 52.796 ms
20161221_135616 WARNING dt of frame #443 was 26.691 ms
20161221_135616 WARNING dt of frame #445 was 25.973 ms
20161221_135618 WARNING dt of frame #574 was 23.415 ms
20161221_135625 WARNING dt of frame #991 was 23.126 ms
20161221_135640 WARNING dt of frame #1918 was 26.453 ms
20161221_135657 WARNING dt of frame #2889 was 24.435 ms
20161221_135706   DEBUG Presenter.stop()
20161221_135706      ok Aborted by user
20161221_135706    DATA {'stimState': 'ABORTED', 'stimFileName': '.\\Stimuli\\video_perlin'}
20161221_135706   ABORT User aborted program
20161221_135706    INFO 16.667 ms/frame (59.998 Hz), rendering: 1.406 ms (3455 frames in total)
20161221_135706    INFO 16.672 +/- 1.077 ms/frame (over the last 3454 frames) = 60.0 Hz
20161221_135706 WARNING 7 frames dropped (=0.203 %)
20161221_135706    DATA {'avgFreq_Hz': 59.99793898347464, 'nFrames': 3455, 'nDroppedFrames': 7}
20161221_135708         Presenting stimulus ...
20161221_135708         Loading compiled stimulus...
20161221_135709      ok Stimulus '.\Stimuli\\BC_BWNoise20.pickle' loaded
20161221_135709         Name       : RGC_Noise
20161221_135709         Description: 'noise' in fingerprinting stimulus set
20161221_135709         Frequency  : 60.0 Hz
20161221_135709      ok Stimulus 'RGC_Noise' prepared
20161221_135709      ok Running...
20161221_135709    DATA {'stimMD5': '2680f3fd183f74559d934aeaff9a1674', 'stimState': 'STARTED', 'stimFileName': '.\\Stimuli\\BC_BWNoise20'}
20161221_135709    DATA {'fNameNoise': 'RGC_BWNoise_official', 'nFrPerMarker': 3, 'durStim_s': 0.2, 'durFr_s': 0.016666666666666666, 'boxDx_um': 20, 'boxDy_um': 20, 'fIntenW': 255, 'stimFileName': '.\\Stimuli\\BC_BWNoise20'}
20161221_135752   DEBUG Presenter.stop()
20161221_135752      ok Aborted by user
20161221_135752    DATA {'stimState': 'ABORTED', 'stimFileName': '.\\Stimuli\\BC_BWNoise20'}
20161221_135752   ABORT User aborted program
20161221_135752    INFO 16.656 ms/frame (60.037 Hz), rendering: 0.601 ms (2626 frames in total)
20161221_135752    INFO 16.663 +/- 1.141 ms/frame (over the last 2625 frames) = 60.0 Hz
20161221_135752    DATA {'avgFreq_Hz': 60.03735845043089, 'nFrames': 2626, 'nDroppedFrames': 0}
20161221_135756         Presenting stimulus ...
20161221_135756         Loading compiled stimulus...
20161221_135756      ok Stimulus '.\Stimuli\\BC_BWNoise20.pickle' loaded
20161221_135756         Name       : RGC_Noise
20161221_135756         Description: 'noise' in fingerprinting stimulus set
20161221_135756         Frequency  : 60.0 Hz
20161221_135756      ok Stimulus 'RGC_Noise' prepared
20161221_135756      ok Running...
20161221_135756    DATA {'stimMD5': '2680f3fd183f74559d934aeaff9a1674', 'stimState': 'STARTED', 'stimFileName': '.\\Stimuli\\BC_BWNoise20'}
20161221_135756    DATA {'fNameNoise': 'RGC_BWNoise_official', 'nFrPerMarker': 3, 'durStim_s': 0.2, 'durFr_s': 0.016666666666666666, 'boxDx_um': 20, 'boxDy_um': 20, 'fIntenW': 255, 'stimFileName': '.\\Stimuli\\BC_BWNoise20'}
20161221_135759   DEBUG Presenter.stop()
20161221_135759      ok Aborted by user
20161221_135759    DATA {'stimState': 'ABORTED', 'stimFileName': '.\\Stimuli\\BC_BWNoise20'}
20161221_135759   ABORT User aborted program
20161221_135759    INFO 16.494 ms/frame (60.628 Hz), rendering: 0.551 ms (176 frames in total)
20161221_135759    INFO 16.588 +/- 1.423 ms/frame (over the last 175 frames) = 60.3 Hz
20161221_135759    DATA {'avgFreq_Hz': 60.627631193288025, 'nFrames': 176, 'nDroppedFrames': 0}
20161221_135801         Presenting stimulus ...
20161221_135801         Loading compiled stimulus...
20161221_135801      ok Stimulus '.\Stimuli\\video_perlin.pickle' loaded
20161221_135801         Name       : video_perlin
20161221_135801         Description: Perlin noise test
20161221_135801         Frequency  : 60.0 Hz
20161221_135801   DEBUG stim_video: 60x45 pixel, 21600.0 frames, 60.0 fps
20161221_135801      ok Stimulus 'video_perlin' prepared
20161221_135801      ok Running...
20161221_135801    DATA {'stimMD5': 'decd9866a53e6594725ef9ecfecb3351', 'stimState': 'STARTED', 'stimFileName': '.\\Stimuli\\video_perlin'}
20161221_135801    DATA {'nFrPerMarker': 1, 'MarkPer_s': 1, 'durFr_s': 0.016666666666666666, 'vidName': 'Perlin_f12_r0.66_b.avi', 'vidAlpha': 255, 'vidScale': (6.5, 6.5), 'vidparams': {'dyFr': 45, 'fps': 60.0, 'dxFr': 60, 'nFr': 21600.0}, 'vidOrient': 0, 'nTrials': 1, 'stimFileName': '.\\Stimuli\\video_perlin'}
20161221_135959   DEBUG Presenter.stop()
20161221_135959      ok Aborted by user
20161221_135959    DATA {'stimState': 'ABORTED', 'stimFileName': '.\\Stimuli\\video_perlin'}
20161221_135959   ABORT User aborted program
20161221_135959    INFO 16.662 ms/frame (60.016 Hz), rendering: 1.364 ms (7047 frames in total)
20161221_135959    INFO 16.665 +/- 0.306 ms/frame (over the last 7046 frames) = 60.0 Hz
20161221_135959    DATA {'avgFreq_Hz': 60.01608325982447, 'nFrames': 7047, 'nDroppedFrames': 0}
20161221_140056   ERROR Stimulus needs to be compiled
20161221_140057         Compiling stimulus script ...
20161221_140058      ok ... done
20161221_140059         Presenting stimulus ...
20161221_140059         Loading compiled stimulus...
20161221_140059      ok Stimulus '.\Stimuli\\Test_grating1.pickle' loaded
20161221_140059         Name       : Test_grating1
20161221_140059         Description: stimulator test
20161221_140059         Frequency  : 60.0 Hz
20161221_140059      ok Stimulus 'Test_grating1' prepared
20161221_140059      ok Running...
20161221_140059    DATA {'stimMD5': '70ac84d59b9085bf1791fb0b676d0343', 'stimState': 'STARTED', 'stimFileName': '.\\Stimuli\\Test_grating1'}
20161221_140121   DEBUG Presenter.stop()
20161221_140121      ok Aborted by user
20161221_140121    DATA {'stimState': 'ABORTED', 'stimFileName': '.\\Stimuli\\Test_grating1'}
20161221_140121   ABORT User aborted program
20161221_140121    INFO 16.644 ms/frame (60.083 Hz), rendering: 0.568 ms (1329 frames in total)
20161221_140121    INFO 16.656 +/- 1.053 ms/frame (over the last 1328 frames) = 60.0 Hz
20161221_140121    DATA {'avgFreq_Hz': 60.08345220005296, 'nFrames': 1329, 'nDroppedFrames': 0}
20161221_140403         Saving log file to '.\Logs\20161221_140403.log' ...
