20161221_162751   ERROR No compiled `__autorun` in current stimulus folder, using `__autorun_default` in `C:\Users\Luke Edward Rogerson\Documents\GitHub\QDSpy`.
20161221_162751   DEBUG Running C:\Users\Luke Edward Rogerson\Documents\GitHub\QDSpy\__autorun_default ...
20161221_162751         Presenting stimulus ...
20161221_162751     *** QDSpy v0.72 beta Presenter - (c) 2013-16 Thomas Euler
20161221_162751      ok Initializing ...
20161221_162751         ENABLED    : high process priority during presentation
20161221_162751         enabled    : automatic garbage collection
20161221_162751         Loading user-defined gamma LUT file ...
20161221_162752      ok ... done
20161221_162752    INFO OpenGL     : v4.5.0 NVIDIA 362.56
20161221_162752    INFO GLSL       : v4.50 NVIDIA
20161221_162752    INFO Renderer   : Quadro K420/PCIe/SSE2 by NVIDIA Corporation
20161221_162752    INFO Timing     : vsync-based (pyglet calls)
20161221_162752    INFO Expected   : 60.0 Hz
20161221_162752      ok Window mode, 640x480 pixels
20161221_162752         ENABLED    : forced fsync
20161221_162752      ok SwapIntervalEXT() reported success
20161221_162752    INFO Display    : generic
20161221_162752      ok Stage info : 0,0 pixels, scale: 1.00,1.00 µm/pix, rotation: 0°, refresh: 60.0 Hz
20161221_162752   ERROR LCr|Could not connect to device, Code 'open failed'
20161221_162752 WARNING This script requires a lightcrafter
20161221_162752   ERROR LCr|Could not connect to device, Code 'open failed'
20161221_162752         3 shader type(s) found
20161221_162752         Loading compiled stimulus...
20161221_162752      ok Stimulus 'C:\Users\Luke Edward Rogerson\Documents\GitHub\QDSpy\__autorun_default.pickle' loaded
20161221_162752         Name       : __autorun_default
20161221_162752         Description: 
20161221_162752         Frequency  : 60.0 Hz
20161221_162752      ok Stimulus '__autorun_default' prepared
20161221_162752      ok Running...
20161221_162752    DATA {'stimMD5': 'b9df3671bfa94c27ef1e769fc7d8d03f', 'stimFileName': 'C:\\Users\\Luke Edward Rogerson\\Documents\\GitHub\\QDSpy\\__autorun_default', 'stimState': 'STARTED'}
20161221_162752      ok Done
20161221_162752    DATA {'stimFileName': 'C:\\Users\\Luke Edward Rogerson\\Documents\\GitHub\\QDSpy\\__autorun_default', 'stimState': 'FINISHED'}
20161221_162752      ok Program finished
20161221_162752    INFO 9.158 ms/frame (109.190 Hz), rendering: 0.343 ms (3 frames in total)
20161221_162752    INFO 13.738 +/- 2.928 ms/frame (over the last 2 frames) = 72.8 Hz
20161221_162752    DATA {'avgFreq_Hz': 109.18951489784617, 'nFrames': 3, 'nDroppedFrames': 0}
20161221_162752   ERROR LCr|Could not connect to device, Code 'open failed'
20161221_162800         Presenting stimulus ...
20161221_162800         Loading compiled stimulus...
20161221_162801      ok Stimulus '.\Stimuli\\BC_BWNoise20.pickle' loaded
20161221_162801         Name       : RGC_Noise
20161221_162801         Description: 'noise' in fingerprinting stimulus set
20161221_162801         Frequency  : 60.0 Hz
20161221_162801      ok Stimulus 'RGC_Noise' prepared
20161221_162801      ok Running...
20161221_162801    DATA {'stimMD5': '2680f3fd183f74559d934aeaff9a1674', 'stimFileName': '.\\Stimuli\\BC_BWNoise20', 'stimState': 'STARTED'}
20161221_162801    DATA {'nFrPerMarker': 3, 'fIntenW': 255, 'durFr_s': 0.016666666666666666, 'durStim_s': 0.2, 'stimFileName': '.\\Stimuli\\BC_BWNoise20', 'boxDy_um': 20, 'fNameNoise': 'RGC_BWNoise_official', 'boxDx_um': 20}
20161221_162834   DEBUG Presenter.stop()
20161221_162834      ok Aborted by user
20161221_162834    DATA {'stimFileName': '.\\Stimuli\\BC_BWNoise20', 'stimState': 'ABORTED'}
20161221_162834   ABORT User aborted program
20161221_162834    INFO 16.654 ms/frame (60.047 Hz), rendering: 0.602 ms (1986 frames in total)
20161221_162834    INFO 16.662 +/- 0.555 ms/frame (over the last 1985 frames) = 60.0 Hz
20161221_162834    DATA {'avgFreq_Hz': 60.047336012731876, 'nFrames': 1986, 'nDroppedFrames': 0}
20161221_162837         Presenting stimulus ...
20161221_162837   DEBUG Request Presenting unknown
20161221_162837   DEBUG unexpected client data left after loop
20161221_162841         Presenting stimulus ...
20161221_162841         Loading compiled stimulus...
20161221_162841      ok Stimulus '.\Stimuli\\video_perlin.pickle' loaded
20161221_162841         Name       : video_perlin
20161221_162841         Description: Perlin noise test
20161221_162841         Frequency  : 60.0 Hz
20161221_162841   DEBUG stim_video: 60x45 pixel, 21600.0 frames, 60.0 fps
20161221_162841      ok Stimulus 'video_perlin' prepared
20161221_162841      ok Running...
20161221_162841    DATA {'stimMD5': 'decd9866a53e6594725ef9ecfecb3351', 'stimFileName': '.\\Stimuli\\video_perlin', 'stimState': 'STARTED'}
20161221_162841    DATA {'nFrPerMarker': 1, 'vidparams': {'dxFr': 60, 'nFr': 21600.0, 'dyFr': 45, 'fps': 60.0}, 'vidScale': (6.5, 6.5), 'vidOrient': 0, 'MarkPer_s': 1, 'nTrials': 1, 'stimFileName': '.\\Stimuli\\video_perlin', 'vidAlpha': 255, 'durFr_s': 0.016666666666666666, 'vidName': 'Perlin_f12_r0.66_b.avi'}
20161221_162842 WARNING dt of frame #60 was 32.372 ms
20161221_162846   DEBUG Presenter.stop()
20161221_162846      ok Aborted by user
20161221_162846    DATA {'stimFileName': '.\\Stimuli\\video_perlin', 'stimState': 'ABORTED'}
20161221_162846   ABORT User aborted program
20161221_162846    INFO 16.593 ms/frame (60.266 Hz), rendering: 1.328 ms (302 frames in total)
20161221_162846    INFO 16.648 +/- 1.258 ms/frame (over the last 301 frames) = 60.1 Hz
20161221_162846 WARNING 1 frames dropped (=0.331 %)
20161221_162846    DATA {'avgFreq_Hz': 60.265657915160666, 'nFrames': 302, 'nDroppedFrames': 1}
20161221_162846   DEBUG runStim, timeout waiting for PRESENTING
20161221_162851         Presenting stimulus ...
20161221_162851         Loading compiled stimulus...
20161221_162851      ok Stimulus '.\Stimuli\\BC_BWNoise20.pickle' loaded
20161221_162851         Name       : RGC_Noise
20161221_162851         Description: 'noise' in fingerprinting stimulus set
20161221_162851         Frequency  : 60.0 Hz
20161221_162851      ok Stimulus 'RGC_Noise' prepared
20161221_162851      ok Running...
20161221_162851    DATA {'stimMD5': '2680f3fd183f74559d934aeaff9a1674', 'stimFileName': '.\\Stimuli\\BC_BWNoise20', 'stimState': 'STARTED'}
20161221_162851    DATA {'nFrPerMarker': 3, 'fIntenW': 255, 'durFr_s': 0.016666666666666666, 'durStim_s': 0.2, 'stimFileName': '.\\Stimuli\\BC_BWNoise20', 'boxDy_um': 20, 'fNameNoise': 'RGC_BWNoise_official', 'boxDx_um': 20}
20161221_162856   DEBUG Presenter.stop()
20161221_162856      ok Aborted by user
20161221_162856    DATA {'stimFileName': '.\\Stimuli\\BC_BWNoise20', 'stimState': 'ABORTED'}
20161221_162856   ABORT User aborted program
20161221_162856    INFO 16.605 ms/frame (60.224 Hz), rendering: 0.543 ms (306 frames in total)
20161221_162856    INFO 16.659 +/- 0.461 ms/frame (over the last 305 frames) = 60.0 Hz
20161221_162856    DATA {'avgFreq_Hz': 60.22367654264049, 'nFrames': 306, 'nDroppedFrames': 0}
20161221_162902         Presenting stimulus ...
20161221_162902         Loading compiled stimulus...
20161221_162902      ok Stimulus '.\Stimuli\\video_perlin.pickle' loaded
20161221_162902         Name       : video_perlin
20161221_162902         Description: Perlin noise test
20161221_162902         Frequency  : 60.0 Hz
20161221_162902   DEBUG stim_video: 60x45 pixel, 21600.0 frames, 60.0 fps
20161221_162902      ok Stimulus 'video_perlin' prepared
20161221_162902      ok Running...
20161221_162902    DATA {'stimMD5': 'decd9866a53e6594725ef9ecfecb3351', 'stimFileName': '.\\Stimuli\\video_perlin', 'stimState': 'STARTED'}
20161221_162902    DATA {'nFrPerMarker': 1, 'vidparams': {'dxFr': 60, 'nFr': 21600.0, 'dyFr': 45, 'fps': 60.0}, 'vidScale': (6.5, 6.5), 'vidOrient': 0, 'MarkPer_s': 1, 'nTrials': 1, 'stimFileName': '.\\Stimuli\\video_perlin', 'vidAlpha': 255, 'durFr_s': 0.016666666666666666, 'vidName': 'Perlin_f12_r0.66_b.avi'}
20161221_162949   DEBUG Presenter.stop()
20161221_162949      ok Aborted by user
20161221_162949    DATA {'stimFileName': '.\\Stimuli\\video_perlin', 'stimState': 'ABORTED'}
20161221_162949   ABORT User aborted program
20161221_162949    INFO 16.656 ms/frame (60.040 Hz), rendering: 1.305 ms (2834 frames in total)
20161221_162949    INFO 16.661 +/- 0.326 ms/frame (over the last 2833 frames) = 60.0 Hz
20161221_162949    DATA {'avgFreq_Hz': 60.03991820594704, 'nFrames': 2834, 'nDroppedFrames': 0}
20161221_163214         Saving log file to '.\Logs\20161221_163214.log' ...
