20170110_122511   ERROR No compiled `__autorun` in current stimulus folder, using `__autorun_default` in `C:\Users\Luke Edward Rogerson\Documents\GitHub\QDSpy`.
20170110_122511   DEBUG Running C:\Users\Luke Edward Rogerson\Documents\GitHub\QDSpy\__autorun_default ...
20170110_122511         Presenting stimulus ...
20170110_122512     *** QDSpy v0.72 beta Presenter - (c) 2013-16 Thomas Euler
20170110_122512      ok Initializing ...
20170110_122512         ENABLED    : high process priority during presentation
20170110_122512         enabled    : automatic garbage collection
20170110_122512         Loading user-defined gamma LUT file ...
20170110_122512      ok ... done
20170110_122512    INFO OpenGL     : v4.5.0 NVIDIA 362.56
20170110_122512    INFO GLSL       : v4.50 NVIDIA
20170110_122512    INFO Renderer   : Quadro K420/PCIe/SSE2 by NVIDIA Corporation
20170110_122512    INFO Timing     : vsync-based (pyglet calls)
20170110_122512    INFO Expected   : 60.0 Hz
20170110_122512      ok Window mode, 640x480 pixels
20170110_122512         ENABLED    : forced fsync
20170110_122512      ok SwapIntervalEXT() reported success
20170110_122512    INFO Display    : generic
20170110_122512      ok Stage info : 0,0 pixels, scale: 1.00,1.00 µm/pix, rotation: 0°, refresh: 60.0 Hz
20170110_122512   ERROR LCr|Could not connect to device, Code 'open failed'
20170110_122512 WARNING This script requires a lightcrafter
20170110_122512   ERROR LCr|Could not connect to device, Code 'open failed'
20170110_122512         3 shader type(s) found
20170110_122512         Loading compiled stimulus...
20170110_122512      ok Stimulus 'C:\Users\Luke Edward Rogerson\Documents\GitHub\QDSpy\__autorun_default.pickle' loaded
20170110_122512         Name       : __autorun_default
20170110_122512         Description: 
20170110_122512         Frequency  : 60.0 Hz
20170110_122512      ok Stimulus '__autorun_default' prepared
20170110_122512      ok Running...
20170110_122512    DATA {'stimMD5': 'b9df3671bfa94c27ef1e769fc7d8d03f', 'stimFileName': 'C:\\Users\\Luke Edward Rogerson\\Documents\\GitHub\\QDSpy\\__autorun_default', 'stimState': 'STARTED'}
20170110_122512      ok Done
20170110_122512    DATA {'stimFileName': 'C:\\Users\\Luke Edward Rogerson\\Documents\\GitHub\\QDSpy\\__autorun_default', 'stimState': 'FINISHED'}
20170110_122512      ok Program finished
20170110_122512    INFO 9.194 ms/frame (108.763 Hz), rendering: 0.290 ms (3 frames in total)
20170110_122512    INFO 13.791 +/- 2.840 ms/frame (over the last 2 frames) = 72.5 Hz
20170110_122512    DATA {'nDroppedFrames': 0, 'nFrames': 3, 'avgFreq_Hz': 108.76323471806118}
20170110_122512   ERROR LCr|Could not connect to device, Code 'open failed'
20170110_122645         Presenting stimulus ...
20170110_122645         Loading compiled stimulus...
20170110_122645      ok Stimulus '.\Stimuli\\BC_BWNoise20.pickle' loaded
20170110_122645         Name       : RGC_Noise
20170110_122645         Description: 'noise' in fingerprinting stimulus set
20170110_122645         Frequency  : 60.0 Hz
20170110_122645      ok Stimulus 'RGC_Noise' prepared
20170110_122645      ok Running...
20170110_122645    DATA {'stimMD5': '2680f3fd183f74559d934aeaff9a1674', 'stimFileName': '.\\Stimuli\\BC_BWNoise20', 'stimState': 'STARTED'}
20170110_122645    DATA {'boxDy_um': 20, 'boxDx_um': 20, 'stimFileName': '.\\Stimuli\\BC_BWNoise20', 'nFrPerMarker': 3, 'durStim_s': 0.2, 'fNameNoise': 'RGC_BWNoise_official', 'fIntenW': 255, 'durFr_s': 0.016666666666666666}
20170110_122651   DEBUG Presenter.stop()
20170110_122651      ok Aborted by user
20170110_122651    DATA {'stimFileName': '.\\Stimuli\\BC_BWNoise20', 'stimState': 'ABORTED'}
20170110_122651   ABORT User aborted program
20170110_122651    INFO 16.586 ms/frame (60.293 Hz), rendering: 0.631 ms (369 frames in total)
20170110_122651    INFO 16.631 +/- 0.996 ms/frame (over the last 368 frames) = 60.1 Hz
20170110_122651    DATA {'nDroppedFrames': 0, 'nFrames': 369, 'avgFreq_Hz': 60.293395400179584}
20170110_122657   ERROR Stimulus needs to be compiled
20170110_122658         Compiling stimulus script ...
20170110_122700      ok ... done
20170110_122701         Presenting stimulus ...
20170110_122701         Loading compiled stimulus...
20170110_122701      ok Stimulus '.\Stimuli\\perlin_bg_f16_r1_g_s2.pickle' loaded
20170110_122701         Name       : video_perlin
20170110_122701         Description: Perlin noise test
20170110_122701         Frequency  : 60.0 Hz
20170110_122701   DEBUG stim_video: 60x45 pixel, 21600.0 frames, 60.0 fps
20170110_122701      ok Stimulus 'video_perlin' prepared
20170110_122701      ok Running...
20170110_122701    DATA {'stimMD5': '186dadf3b3abaa565fabbc41bc7c4632', 'stimFileName': '.\\Stimuli\\perlin_bg_f16_r1_g_s2', 'stimState': 'STARTED'}
20170110_122701    DATA {'vidAlpha': 255, 'vidScale': (6.66, 6.66), 'vidName': 'perlin_bg_f16_r1_g_s2.avi', 'nTrials': 1, 'nFrPerMarker': 3, 'vidOrient': 0, 'stimFileName': '.\\Stimuli\\perlin_bg_f16_r1_g_s2', 'vidparams': {'fps': 60.0, 'dxFr': 60, 'nFr': 21600.0, 'dyFr': 45}, 'MarkPer_s': 1.0, 'durFr_s': 0.016666666666666666}
20170110_122702 WARNING dt of frame #60 was 183.543 ms
20170110_122704 WARNING dt of frame #173 was 24.120 ms
20170110_122707   DEBUG Presenter.stop()
20170110_122707      ok Aborted by user
20170110_122707    DATA {'stimFileName': '.\\Stimuli\\perlin_bg_f16_r1_g_s2', 'stimState': 'ABORTED'}
20170110_122707   ABORT User aborted program
20170110_122707    INFO 17.071 ms/frame (58.580 Hz), rendering: 1.748 ms (340 frames in total)
20170110_122707    INFO 17.121 +/- 9.112 ms/frame (over the last 339 frames) = 58.4 Hz
20170110_122707 WARNING 2 frames dropped (=0.588 %)
20170110_122707    DATA {'nDroppedFrames': 2, 'nFrames': 340, 'avgFreq_Hz': 58.5797624107689}
20170110_122712         Presenting stimulus ...
20170110_122712         Loading compiled stimulus...
20170110_122712      ok Stimulus '.\Stimuli\\BC_BWNoise20.pickle' loaded
20170110_122712         Name       : RGC_Noise
20170110_122712         Description: 'noise' in fingerprinting stimulus set
20170110_122712         Frequency  : 60.0 Hz
20170110_122712      ok Stimulus 'RGC_Noise' prepared
20170110_122712      ok Running...
20170110_122712    DATA {'stimMD5': '2680f3fd183f74559d934aeaff9a1674', 'stimFileName': '.\\Stimuli\\BC_BWNoise20', 'stimState': 'STARTED'}
20170110_122712    DATA {'boxDy_um': 20, 'boxDx_um': 20, 'stimFileName': '.\\Stimuli\\BC_BWNoise20', 'nFrPerMarker': 3, 'durStim_s': 0.2, 'fNameNoise': 'RGC_BWNoise_official', 'fIntenW': 255, 'durFr_s': 0.016666666666666666}
20170110_122716   DEBUG Presenter.stop()
20170110_122716      ok Aborted by user
20170110_122716    DATA {'stimFileName': '.\\Stimuli\\BC_BWNoise20', 'stimState': 'ABORTED'}
20170110_122716   ABORT User aborted program
20170110_122716    INFO 16.591 ms/frame (60.274 Hz), rendering: 0.502 ms (240 frames in total)
20170110_122716    INFO 16.660 +/- 1.052 ms/frame (over the last 239 frames) = 60.0 Hz
20170110_122716    DATA {'nDroppedFrames': 0, 'nFrames': 240, 'avgFreq_Hz': 60.27424755472444}
20170110_122717   ERROR Stimulus needs to be compiled
20170110_122717         Presenting stimulus ...
20170110_122717         Loading compiled stimulus...
20170110_122717      ok Stimulus '.\Stimuli\\perlin_bg_f16_r1_g_s2.pickle' loaded
20170110_122717         Name       : video_perlin
20170110_122717         Description: Perlin noise test
20170110_122717         Frequency  : 60.0 Hz
20170110_122718   DEBUG stim_video: 60x45 pixel, 21600.0 frames, 60.0 fps
20170110_122718      ok Stimulus 'video_perlin' prepared
20170110_122718      ok Running...
20170110_122718    DATA {'stimMD5': '186dadf3b3abaa565fabbc41bc7c4632', 'stimFileName': '.\\Stimuli\\perlin_bg_f16_r1_g_s2', 'stimState': 'STARTED'}
20170110_122718    DATA {'vidAlpha': 255, 'vidScale': (6.66, 6.66), 'vidName': 'perlin_bg_f16_r1_g_s2.avi', 'nTrials': 1, 'nFrPerMarker': 3, 'vidOrient': 0, 'stimFileName': '.\\Stimuli\\perlin_bg_f16_r1_g_s2', 'vidparams': {'fps': 60.0, 'dxFr': 60, 'nFr': 21600.0, 'dyFr': 45}, 'MarkPer_s': 1.0, 'durFr_s': 0.016666666666666666}
20170110_122726 WARNING dt of frame #525 was 22.356 ms
20170110_122728 WARNING dt of frame #645 was 28.867 ms
20170110_122732   DEBUG Presenter.stop()
20170110_122732      ok Aborted by user
20170110_122732    DATA {'stimFileName': '.\\Stimuli\\perlin_bg_f16_r1_g_s2', 'stimState': 'ABORTED'}
20170110_122732   ABORT User aborted program
20170110_122732    INFO 16.639 ms/frame (60.099 Hz), rendering: 1.307 ms (867 frames in total)
20170110_122732    INFO 16.658 +/- 0.743 ms/frame (over the last 866 frames) = 60.0 Hz
20170110_122732 WARNING 2 frames dropped (=0.231 %)
20170110_122732    DATA {'nDroppedFrames': 2, 'nFrames': 867, 'avgFreq_Hz': 60.09877310563958}
20170110_122732   ERROR Stimulus needs to be compiled
20170110_122733         Compiling stimulus script ...
20170110_122735      ok ... done
20170110_122735   ERROR Stimulus needs to be compiled
20170110_122736         Compiling stimulus script ...
20170110_122737      ok ... done
20170110_122738         Presenting stimulus ...
20170110_122738         Loading compiled stimulus...
20170110_122738      ok Stimulus '.\Stimuli\\perlin_bw_f16_r1_g.pickle' loaded
20170110_122738         Name       : video_perlin
20170110_122738         Description: Perlin noise test
20170110_122738         Frequency  : 60.0 Hz
20170110_122738   DEBUG stim_video: 60x45 pixel, 21600.0 frames, 60.0 fps
20170110_122738      ok Stimulus 'video_perlin' prepared
20170110_122738      ok Running...
20170110_122738    DATA {'stimMD5': '66a28e294901e5faec8096075360fae3', 'stimFileName': '.\\Stimuli\\perlin_bw_f16_r1_g', 'stimState': 'STARTED'}
20170110_122738    DATA {'vidAlpha': 255, 'vidScale': (6.66, 6.66), 'vidName': 'perlin_bw_f16_r1_g.avi', 'nTrials': 1, 'nFrPerMarker': 3, 'vidOrient': 0, 'stimFileName': '.\\Stimuli\\perlin_bw_f16_r1_g', 'vidparams': {'dyFr': 45, 'dxFr': 60, 'nFr': 21600.0, 'fps': 60.0}, 'durFr_s': 0.016666666666666666, 'MarkPer_s': 1.0}
20170110_122740   DEBUG Presenter.stop()
20170110_122740      ok Aborted by user
20170110_122740    DATA {'stimFileName': '.\\Stimuli\\perlin_bw_f16_r1_g', 'stimState': 'ABORTED'}
20170110_122740   ABORT User aborted program
20170110_122740    INFO 16.517 ms/frame (60.542 Hz), rendering: 0.862 ms (134 frames in total)
20170110_122740    INFO 16.642 +/- 0.226 ms/frame (over the last 133 frames) = 60.1 Hz
20170110_122740    DATA {'nDroppedFrames': 0, 'nFrames': 134, 'avgFreq_Hz': 60.54211388521281}
20170110_122741         Presenting stimulus ...
20170110_122741         Loading compiled stimulus...
20170110_122741      ok Stimulus '.\Stimuli\\perlin_bg_f16_r1_g_s3.pickle' loaded
20170110_122741         Name       : video_perlin
20170110_122741         Description: Perlin noise test
20170110_122741         Frequency  : 60.0 Hz
20170110_122742   DEBUG stim_video: 60x45 pixel, 21600.0 frames, 60.0 fps
20170110_122742      ok Stimulus 'video_perlin' prepared
20170110_122742      ok Running...
20170110_122742    DATA {'stimMD5': '54920d1133f29f76723228fd4b27195d', 'stimFileName': '.\\Stimuli\\perlin_bg_f16_r1_g_s3', 'stimState': 'STARTED'}
20170110_122742    DATA {'vidAlpha': 255, 'vidScale': (6.66, 6.66), 'vidName': 'perlin_bg_f16_r1_g_s3.avi', 'nTrials': 1, 'nFrPerMarker': 3, 'vidOrient': 0, 'stimFileName': '.\\Stimuli\\perlin_bg_f16_r1_g_s3', 'vidparams': {'fps': 60.0, 'dxFr': 60, 'nFr': 21600.0, 'dyFr': 45}, 'MarkPer_s': 1.0, 'durFr_s': 0.016666666666666666}
20170110_122744   DEBUG Presenter.stop()
20170110_122744      ok Aborted by user
20170110_122744    DATA {'stimFileName': '.\\Stimuli\\perlin_bg_f16_r1_g_s3', 'stimState': 'ABORTED'}
20170110_122744   ABORT User aborted program
20170110_122744    INFO 16.442 ms/frame (60.821 Hz), rendering: 0.894 ms (142 frames in total)
20170110_122744    INFO 16.558 +/- 1.218 ms/frame (over the last 141 frames) = 60.4 Hz
20170110_122744    DATA {'nDroppedFrames': 0, 'nFrames': 142, 'avgFreq_Hz': 60.82093187232533}
20170110_122901         Saving log file to '.\Logs\20170110_122901.log' ...
