20170110_125231   ERROR No compiled `__autorun` in current stimulus folder, using `__autorun_default` in `C:\Users\Luke Edward Rogerson\Documents\GitHub\QDSpy`.
20170110_125231   DEBUG Running C:\Users\Luke Edward Rogerson\Documents\GitHub\QDSpy\__autorun_default ...
20170110_125231         Presenting stimulus ...
20170110_125231     *** QDSpy v0.72 beta Presenter - (c) 2013-16 Thomas Euler
20170110_125231      ok Initializing ...
20170110_125231         ENABLED    : high process priority during presentation
20170110_125231         enabled    : automatic garbage collection
20170110_125231         Loading user-defined gamma LUT file ...
20170110_125231      ok ... done
20170110_125231    INFO OpenGL     : v4.5.0 NVIDIA 362.56
20170110_125231    INFO GLSL       : v4.50 NVIDIA
20170110_125231    INFO Renderer   : Quadro K420/PCIe/SSE2 by NVIDIA Corporation
20170110_125231    INFO Timing     : vsync-based (pyglet calls)
20170110_125231    INFO Expected   : 60.0 Hz
20170110_125231      ok Window mode, 640x480 pixels
20170110_125231         ENABLED    : forced fsync
20170110_125231      ok SwapIntervalEXT() reported success
20170110_125231    INFO Display    : generic
20170110_125231      ok Stage info : 0,0 pixels, scale: 1.00,1.00 µm/pix, rotation: 0°, refresh: 60.0 Hz
20170110_125231   ERROR LCr|Could not connect to device, Code 'open failed'
20170110_125231 WARNING This script requires a lightcrafter
20170110_125231   ERROR LCr|Could not connect to device, Code 'open failed'
20170110_125231         3 shader type(s) found
20170110_125231         Loading compiled stimulus...
20170110_125231      ok Stimulus 'C:\Users\Luke Edward Rogerson\Documents\GitHub\QDSpy\__autorun_default.pickle' loaded
20170110_125231         Name       : __autorun_default
20170110_125231         Description: 
20170110_125231         Frequency  : 60.0 Hz
20170110_125231      ok Stimulus '__autorun_default' prepared
20170110_125231      ok Running...
20170110_125231    DATA {'stimMD5': 'b9df3671bfa94c27ef1e769fc7d8d03f', 'stimState': 'STARTED', 'stimFileName': 'C:\\Users\\Luke Edward Rogerson\\Documents\\GitHub\\QDSpy\\__autorun_default'}
20170110_125231      ok Done
20170110_125231    DATA {'stimState': 'FINISHED', 'stimFileName': 'C:\\Users\\Luke Edward Rogerson\\Documents\\GitHub\\QDSpy\\__autorun_default'}
20170110_125231      ok Program finished
20170110_125231    INFO 10.161 ms/frame (98.414 Hz), rendering: 0.310 ms (3 frames in total)
20170110_125231    INFO 15.242 +/- 1.370 ms/frame (over the last 2 frames) = 65.6 Hz
20170110_125231    DATA {'avgFreq_Hz': 98.41412210184475, 'nFrames': 3, 'nDroppedFrames': 0}
20170110_125231   ERROR LCr|Could not connect to device, Code 'open failed'
20170110_125241         Presenting stimulus ...
20170110_125241         Loading compiled stimulus...
20170110_125241      ok Stimulus '.\Stimuli\\BC_BWNoise20.pickle' loaded
20170110_125241         Name       : RGC_Noise
20170110_125241         Description: 'noise' in fingerprinting stimulus set
20170110_125241         Frequency  : 60.0 Hz
20170110_125241      ok Stimulus 'RGC_Noise' prepared
20170110_125241      ok Running...
20170110_125241    DATA {'stimMD5': '2680f3fd183f74559d934aeaff9a1674', 'stimState': 'STARTED', 'stimFileName': '.\\Stimuli\\BC_BWNoise20'}
20170110_125241    DATA {'boxDy_um': 20, 'durStim_s': 0.2, 'stimFileName': '.\\Stimuli\\BC_BWNoise20', 'fIntenW': 255, 'boxDx_um': 20, 'durFr_s': 0.016666666666666666, 'nFrPerMarker': 3, 'fNameNoise': 'RGC_BWNoise_official'}
20170110_125244   DEBUG Presenter.stop()
20170110_125244      ok Aborted by user
20170110_125244    DATA {'stimState': 'ABORTED', 'stimFileName': '.\\Stimuli\\BC_BWNoise20'}
20170110_125244   ABORT User aborted program
20170110_125244    INFO 16.432 ms/frame (60.857 Hz), rendering: 0.480 ms (135 frames in total)
20170110_125244    INFO 16.555 +/- 1.486 ms/frame (over the last 134 frames) = 60.4 Hz
20170110_125244    DATA {'avgFreq_Hz': 60.85695083882541, 'nFrames': 135, 'nDroppedFrames': 0}
20170110_125245         Presenting stimulus ...
20170110_125245         Loading compiled stimulus...
20170110_125245      ok Stimulus '.\Stimuli\\perlin_bw_f16_r1_g.pickle' loaded
20170110_125245         Name       : video_perlin
20170110_125245         Description: Perlin noise test
20170110_125245         Frequency  : 60.0 Hz
20170110_125246   DEBUG stim_video: 60x45 pixel, 21600.0 frames, 60.0 fps
20170110_125246      ok Stimulus 'video_perlin' prepared
20170110_125246      ok Running...
20170110_125246    DATA {'stimMD5': '66a28e294901e5faec8096075360fae3', 'stimState': 'STARTED', 'stimFileName': '.\\Stimuli\\perlin_bw_f16_r1_g'}
20170110_125246    DATA {'vidName': 'perlin_bw_f16_r1_g.avi', 'stimFileName': '.\\Stimuli\\perlin_bw_f16_r1_g', 'vidScale': (6.66, 6.66), 'nFrPerMarker': 3, 'vidparams': {'fps': 60.0, 'nFr': 21600.0, 'dxFr': 60, 'dyFr': 45}, 'vidAlpha': 255, 'MarkPer_s': 1.0, 'durFr_s': 0.016666666666666666, 'vidOrient': 0, 'nTrials': 1}
20170110_125247 WARNING dt of frame #60 was 31.839 ms
20170110_125252   DEBUG Presenter.stop()
20170110_125252      ok Aborted by user
20170110_125252    DATA {'stimState': 'ABORTED', 'stimFileName': '.\\Stimuli\\perlin_bw_f16_r1_g'}
20170110_125252   ABORT User aborted program
20170110_125252    INFO 16.594 ms/frame (60.261 Hz), rendering: 1.309 ms (363 frames in total)
20170110_125252    INFO 16.640 +/- 1.176 ms/frame (over the last 362 frames) = 60.1 Hz
20170110_125252 WARNING 1 frames dropped (=0.275 %)
20170110_125252    DATA {'avgFreq_Hz': 60.26123697517305, 'nFrames': 363, 'nDroppedFrames': 1}
20170110_125313         Presenting stimulus ...
20170110_125313         Loading compiled stimulus...
20170110_125313      ok Stimulus '.\Stimuli\\perlin_bg_f16_r1_g_s3.pickle' loaded
20170110_125313         Name       : video_perlin
20170110_125313         Description: Perlin noise test
20170110_125313         Frequency  : 60.0 Hz
20170110_125314   DEBUG stim_video: 60x45 pixel, 21600.0 frames, 60.0 fps
20170110_125314      ok Stimulus 'video_perlin' prepared
20170110_125314      ok Running...
20170110_125314    DATA {'stimMD5': '54920d1133f29f76723228fd4b27195d', 'stimState': 'STARTED', 'stimFileName': '.\\Stimuli\\perlin_bg_f16_r1_g_s3'}
20170110_125314    DATA {'vidparams': {'fps': 60.0, 'nFr': 21600.0, 'dyFr': 45, 'dxFr': 60}, 'stimFileName': '.\\Stimuli\\perlin_bg_f16_r1_g_s3', 'vidScale': (6.66, 6.66), 'vidOrient': 0, 'vidName': 'perlin_bg_f16_r1_g_s3.avi', 'vidAlpha': 255, 'MarkPer_s': 1.0, 'durFr_s': 0.016666666666666666, 'nFrPerMarker': 3, 'nTrials': 1}
20170110_125320   DEBUG Presenter.stop()
20170110_125320      ok Aborted by user
20170110_125320    DATA {'stimState': 'ABORTED', 'stimFileName': '.\\Stimuli\\perlin_bg_f16_r1_g_s3'}
20170110_125320   ABORT User aborted program
20170110_125320    INFO 16.574 ms/frame (60.335 Hz), rendering: 1.170 ms (383 frames in total)
20170110_125320    INFO 16.618 +/- 0.790 ms/frame (over the last 382 frames) = 60.2 Hz
20170110_125320    DATA {'avgFreq_Hz': 60.33501548678608, 'nFrames': 383, 'nDroppedFrames': 0}
20170110_130144         Saving log file to '.\Logs\20170110_130144.log' ...
